d:\vs2015projects\tutorial\win32prog\win32firstwindow\debug\vc140.pdb
d:\vs2015projects\tutorial\win32prog\win32firstwindow\debug\vc140.idb
d:\vs2015projects\tutorial\win32prog\win32firstwindow\debug\win32firstwindow.obj
d:\vs2015projects\tutorial\win32prog\debug\win32firstwindow.ilk
d:\vs2015projects\tutorial\win32prog\debug\win32firstwindow.exe
d:\vs2015projects\tutorial\win32prog\debug\win32firstwindow.pdb
d:\vs2015projects\tutorial\win32prog\win32firstwindow\debug\win32firstwindow.res
d:\vs2017projects\tutorial\win32prog\win32firstwindow\debug\win32firstwindow.obj
d:\vs2017projects\tutorial\win32prog\win32firstwindow\debug\win32firstwindow.res
d:\vs2017projects\tutorial\win32prog\win32firstwindow\debug\vc140.idb
d:\vs2017projects\tutorial\win32prog\win32firstwindow\debug\vc140.pdb
d:\vs2017projects\tutorial\win32prog\debug\win32firstwindow.pdb
d:\vs2017projects\tutorial\win32prog\debug\win32firstwindow.exe
d:\vs2017projects\tutorial\win32prog\debug\win32firstwindow.ilk
d:\vs2017projects\tutorial\win32prog\win32firstwindow\debug\win32firstwindow.tlog\cl.command.1.tlog
d:\vs2017projects\tutorial\win32prog\win32firstwindow\debug\win32firstwindow.tlog\cl.read.1.tlog
d:\vs2017projects\tutorial\win32prog\win32firstwindow\debug\win32firstwindow.tlog\cl.write.1.tlog
d:\vs2017projects\tutorial\win32prog\win32firstwindow\debug\win32firstwindow.tlog\link.command.1.tlog
d:\vs2017projects\tutorial\win32prog\win32firstwindow\debug\win32firstwindow.tlog\link.read.1.tlog
d:\vs2017projects\tutorial\win32prog\win32firstwindow\debug\win32firstwindow.tlog\link.write.1.tlog
d:\vs2017projects\tutorial\win32prog\win32firstwindow\debug\win32firstwindow.tlog\rc.command.1.tlog
d:\vs2017projects\tutorial\win32prog\win32firstwindow\debug\win32firstwindow.tlog\rc.read.1.tlog
d:\vs2017projects\tutorial\win32prog\win32firstwindow\debug\win32firstwindow.tlog\rc.write.1.tlog
