d:\t\s\p\x64\debug\vc143.pdb
d:\t\s\p\x64\debug\vc143.idb
d:\t\s\p\x64\debug\a.obj
d:\t\s\p\x64\debug\p.ilk
d:\t\s\x64\debug\p.exe
d:\t\s\x64\debug\p.pdb
d:\t\s\p\x64\debug\b.obj
d:\git\t\s\p\x64\debug\a.obj
d:\git\t\s\p\x64\debug\b.obj
d:\git\t\s\p\x64\debug\p.ilk
d:\git\t\s\p\x64\debug\vc143.idb
d:\git\t\s\p\x64\debug\vc143.pdb
d:\git\t\s\x64\debug\p.pdb
d:\git\t\s\x64\debug\p.exe
d:\git\t\s\p\x64\debug\p.tlog\cl.command.1.tlog
d:\git\t\s\p\x64\debug\p.tlog\cl.read.1.tlog
d:\git\t\s\p\x64\debug\p.tlog\cl.write.1.tlog
d:\git\t\s\p\x64\debug\p.tlog\link.command.1.tlog
d:\git\t\s\p\x64\debug\p.tlog\link.read.1.tlog
d:\git\t\s\p\x64\debug\p.tlog\link.write.1.tlog
d:\git\t\s\p\x64\debug\p.tlog\masm.read.1u.tlog
d:\git\t\s\p\x64\debug\p.tlog\masm.write.1u.tlog
