d:\vs2017projects\btreewin\btreewin\debug\vc141.pdb
d:\vs2017projects\btreewin\btreewin\debug\vc141.idb
d:\vs2017projects\btreewin\btreewin\debug\insert.obj
d:\vs2017projects\btreewin\btreewin\debug\delete.obj
d:\vs2017projects\btreewin\btreewin\debug\declarations.obj
d:\vs2017projects\btreewin\btreewin\debug\btreewin.obj
d:\vs2017projects\btreewin\btreewin\debug\btree.obj
d:\vs2017projects\btreewin\debug\btreewin.ilk
d:\vs2017projects\btreewin\debug\btreewin.exe
d:\vs2017projects\btreewin\debug\btreewin.pdb
d:\vs2017projects\btreewin\btreewin\debug\btreewin.res
d:\vs2017projects\btreewin\btreewin\debug\btreewin.tlog\cl.command.1.tlog
d:\vs2017projects\btreewin\btreewin\debug\btreewin.tlog\cl.read.1.tlog
d:\vs2017projects\btreewin\btreewin\debug\btreewin.tlog\cl.write.1.tlog
d:\vs2017projects\btreewin\btreewin\debug\btreewin.tlog\link.command.1.tlog
d:\vs2017projects\btreewin\btreewin\debug\btreewin.tlog\link.read.1.tlog
d:\vs2017projects\btreewin\btreewin\debug\btreewin.tlog\link.write.1.tlog
d:\vs2017projects\btreewin\btreewin\debug\btreewin.tlog\rc.command.1.tlog
d:\vs2017projects\btreewin\btreewin\debug\btreewin.tlog\rc.read.1.tlog
d:\vs2017projects\btreewin\btreewin\debug\btreewin.tlog\rc.write.1.tlog
