d:\vs2017projects\sudoku\sudokuwin\sudokuwin\debug\vc141.pdb
d:\vs2017projects\sudoku\sudokuwin\sudokuwin\debug\vc141.idb
d:\vs2017projects\sudoku\sudokuwin\sudokuwin\debug\sudokuengine.obj
d:\vs2017projects\sudoku\sudokuwin\sudokuwin\debug\sudokumain.obj
d:\vs2017projects\sudoku\sudokuwin\sudokuwin\debug\sudokugrid.obj
d:\vs2017projects\sudoku\sudokuwin\sudokuwin\debug\functions.obj
d:\vs2017projects\sudoku\sudokuwin\sudokuwin\debug\declarations.obj
d:\vs2017projects\sudoku\debug\sudokuwin.ilk
d:\vs2017projects\sudoku\debug\sudokuwin.exe
d:\vs2017projects\sudoku\debug\sudokuwin.pdb
d:\vs2017projects\sudoku\sudokuwin\sudokuwin\debug\sudoku.res
d:\vs2017projects\sudoku\sudokuwin\sudokuwin\debug\sudokuwin.tlog\cl.command.1.tlog
d:\vs2017projects\sudoku\sudokuwin\sudokuwin\debug\sudokuwin.tlog\cl.read.1.tlog
d:\vs2017projects\sudoku\sudokuwin\sudokuwin\debug\sudokuwin.tlog\cl.write.1.tlog
d:\vs2017projects\sudoku\sudokuwin\sudokuwin\debug\sudokuwin.tlog\link.command.1.tlog
d:\vs2017projects\sudoku\sudokuwin\sudokuwin\debug\sudokuwin.tlog\link.read.1.tlog
d:\vs2017projects\sudoku\sudokuwin\sudokuwin\debug\sudokuwin.tlog\link.write.1.tlog
d:\vs2017projects\sudoku\sudokuwin\sudokuwin\debug\sudokuwin.tlog\rc.command.1.tlog
d:\vs2017projects\sudoku\sudokuwin\sudokuwin\debug\sudokuwin.tlog\rc.read.1.tlog
d:\vs2017projects\sudoku\sudokuwin\sudokuwin\debug\sudokuwin.tlog\rc.write.1.tlog
