  wal2json.c
D:\Git\wal2json-master\wal2json.c(287,2): warning C4996: 'strcpy': This function or variable may be unsafe. Consider using strcpy_s instead. To disable deprecation, use _CRT_SECURE_NO_WARNINGS. See online help for details.
D:\Git\wal2json-master\wal2json.c(288,2): warning C4996: 'strcpy': This function or variable may be unsafe. Consider using strcpy_s instead. To disable deprecation, use _CRT_SECURE_NO_WARNINGS. See online help for details.
D:\Git\wal2json-master\wal2json.c(289,2): warning C4996: 'strcpy': This function or variable may be unsafe. Consider using strcpy_s instead. To disable deprecation, use _CRT_SECURE_NO_WARNINGS. See online help for details.
D:\Git\wal2json-master\wal2json.c(492,5): warning C4996: 'strncpy': This function or variable may be unsafe. Consider using strncpy_s instead. To disable deprecation, use _CRT_SECURE_NO_WARNINGS. See online help for details.
D:\Git\wal2json-master\wal2json.c(493,5): warning C4996: 'strncpy': This function or variable may be unsafe. Consider using strncpy_s instead. To disable deprecation, use _CRT_SECURE_NO_WARNINGS. See online help for details.
D:\Git\wal2json-master\wal2json.c(494,5): warning C4996: 'strncpy': This function or variable may be unsafe. Consider using strncpy_s instead. To disable deprecation, use _CRT_SECURE_NO_WARNINGS. See online help for details.
D:\Git\wal2json-master\wal2json.c(2608,2): warning C4996: 'strncpy': This function or variable may be unsafe. Consider using strncpy_s instead. To disable deprecation, use _CRT_SECURE_NO_WARNINGS. See online help for details.
D:\Git\wal2json-master\wal2json.c(2688,2): warning C4996: 'strncpy': This function or variable may be unsafe. Consider using strncpy_s instead. To disable deprecation, use _CRT_SECURE_NO_WARNINGS. See online help for details.
D:\Git\wal2json-master\wal2json.c(2952,4): warning C4996: 'strncpy': This function or variable may be unsafe. Consider using strncpy_s instead. To disable deprecation, use _CRT_SECURE_NO_WARNINGS. See online help for details.
D:\Git\wal2json-master\wal2json.c(2978,4): warning C4996: 'strncpy': This function or variable may be unsafe. Consider using strncpy_s instead. To disable deprecation, use _CRT_SECURE_NO_WARNINGS. See online help for details.
     Creating library D:\Git\wal2json-master\Debug\wal2jsonp.lib and object D:\Git\wal2json-master\Debug\wal2jsonp.exp
wal2json.obj : error LNK2019: unresolved external symbol _pg_strncasecmp referenced in function _tuple_to_stringinfo
wal2json.obj : error LNK2019: unresolved external symbol _pg_snprintf referenced in function _tuple_to_stringinfo
wal2json.obj : error LNK2019: unresolved external symbol _errstart referenced in function _pg_decode_startup
wal2json.obj : error LNK2019: unresolved external symbol _errfinish referenced in function _pg_decode_startup
wal2json.obj : error LNK2019: unresolved external symbol _errcode referenced in function _pg_decode_startup
wal2json.obj : error LNK2019: unresolved external symbol _errmsg referenced in function _pg_decode_startup
wal2json.obj : error LNK2019: unresolved external symbol _elog_start referenced in function _pg_decode_startup
wal2json.obj : error LNK2019: unresolved external symbol _elog_finish referenced in function _pg_decode_startup
wal2json.obj : error LNK2019: unresolved external symbol _palloc referenced in function _pg_decode_write_tuple
wal2json.obj : error LNK2019: unresolved external symbol _palloc0 referenced in function _pg_decode_startup
wal2json.obj : error LNK2019: unresolved external symbol _pfree referenced in function _pg_decode_startup
wal2json.obj : error LNK2019: unresolved external symbol _pstrdup referenced in function _pg_decode_startup
wal2json.obj : error LNK2019: unresolved external symbol _pg_detoast_datum referenced in function _tuple_to_stringinfo
wal2json.obj : error LNK2019: unresolved external symbol _DirectFunctionCall1Coll referenced in function _pg_decode_begin_txn_v1
wal2json.obj : error LNK2019: unresolved external symbol _DirectFunctionCall2Coll referenced in function _tuple_to_stringinfo
wal2json.obj : error LNK2019: unresolved external symbol _OidOutputFunctionCall referenced in function _tuple_to_stringinfo
wal2json.obj : error LNK2019: unresolved external symbol _ScanKeyInit referenced in function _tuple_to_stringinfo
wal2json.obj : error LNK2019: unresolved external symbol _lappend referenced in function _pg_decode_startup
wal2json.obj : error LNK2019: unresolved external symbol _lappend_oid referenced in function _split_string_to_oid_list
wal2json.obj : error LNK2019: unresolved external symbol _list_member_oid referenced in function _pg_filter_by_origin
wal2json.obj : error LNK2019: unresolved external symbol _list_free referenced in function _pg_decode_startup
wal2json.obj : error LNK2019: unresolved external symbol _list_free_deep referenced in function _pg_decode_startup
wal2json.obj : error LNK2019: unresolved external symbol _RelationIdGetRelation referenced in function _pg_decode_change_v1
wal2json.obj : error LNK2019: unresolved external symbol _RelationClose referenced in function _pg_decode_change_v1
wal2json.obj : error LNK2019: unresolved external symbol _RelationGetIndexList referenced in function _pg_decode_change_v1
wal2json.obj : error LNK2019: unresolved external symbol _initStringInfo referenced in function _tuple_to_stringinfo
wal2json.obj : error LNK2019: unresolved external symbol _appendStringInfo referenced in function _tuple_to_stringinfo
wal2json.obj : error LNK2019: unresolved external symbol _appendStringInfoString referenced in function _tuple_to_stringinfo
wal2json.obj : error LNK2019: unresolved external symbol _appendStringInfoChar referenced in function _pg_decode_change_v1
wal2json.obj : error LNK2019: unresolved external symbol _systable_beginscan referenced in function _tuple_to_stringinfo
wal2json.obj : error LNK2019: unresolved external symbol _systable_getnext referenced in function _tuple_to_stringinfo
wal2json.obj : error LNK2019: unresolved external symbol _systable_endscan referenced in function _tuple_to_stringinfo
wal2json.obj : error LNK2019: unresolved external symbol _nocachegetattr referenced in function _tuple_to_stringinfo
wal2json.obj : error LNK2019: unresolved external symbol _heap_getsysattr referenced in function _tuple_to_stringinfo
wal2json.obj : error LNK2019: unresolved external symbol _getmissingattr referenced in function _tuple_to_stringinfo
wal2json.obj : error LNK2019: unresolved external symbol _heap_deform_tuple referenced in function _pg_decode_write_tuple
wal2json.obj : error LNK2019: unresolved external symbol _table_open referenced in function _tuple_to_stringinfo
wal2json.obj : error LNK2019: unresolved external symbol _table_close referenced in function _tuple_to_stringinfo
wal2json.obj : error LNK2019: unresolved external symbol _parse_int referenced in function _pg_decode_startup
wal2json.obj : error LNK2019: unresolved external symbol _timestamptz_to_str referenced in function _pg_decode_begin_txn_v1
wal2json.obj : error LNK2019: unresolved external symbol _OutputPluginPrepareWrite referenced in function _pg_decode_begin_txn_v1
wal2json.obj : error LNK2019: unresolved external symbol _OutputPluginWrite referenced in function _pg_decode_begin_txn_v1
wal2json.obj : error LNK2019: unresolved external symbol _format_type referenced in function _tuple_to_stringinfo
wal2json.obj : error LNK2019: unresolved external symbol _pg_get_expr referenced in function _tuple_to_stringinfo
wal2json.obj : error LNK2019: unresolved external symbol _pg_lsn_out referenced in function _pg_decode_begin_txn_v1
wal2json.obj : error LNK2019: unresolved external symbol _parse_bool referenced in function _pg_decode_startup
wal2json.obj : error LNK2019: unresolved external symbol _text_to_cstring referenced in function _tuple_to_stringinfo
wal2json.obj : error LNK2019: unresolved external symbol _format_type_with_typemod referenced in function _tuple_to_stringinfo
wal2json.obj : error LNK2019: unresolved external symbol _escape_json referenced in function _tuple_to_stringinfo
wal2json.obj : error LNK2019: unresolved external symbol _getTypeOutputInfo referenced in function _tuple_to_stringinfo
wal2json.obj : error LNK2019: unresolved external symbol _get_namespace_name referenced in function _pg_decode_change_v1
wal2json.obj : error LNK2019: unresolved external symbol _MemoryContextReset referenced in function _pg_decode_change_v1
wal2json.obj : error LNK2019: unresolved external symbol _MemoryContextDelete referenced in function _pg_decode_shutdown
wal2json.obj : error LNK2019: unresolved external symbol _AllocSetContextCreateInternal referenced in function _pg_decode_startup
wal2json.obj : error LNK2019: unresolved external symbol _SearchSysCache1 referenced in function _tuple_to_stringinfo
wal2json.obj : error LNK2019: unresolved external symbol _ReleaseSysCache referenced in function _tuple_to_stringinfo
wal2json.obj : error LNK2001: unresolved external symbol __imp__CurrentMemoryContext
wal2json.obj : error LNK2001: unresolved external symbol __imp__TopMemoryContext
MSVCRTD.lib(exe_winmain.obj) : error LNK2019: unresolved external symbol _WinMain@16 referenced in function "int __cdecl invoke_main(void)" (?invoke_main@@YAHXZ)
D:\Git\wal2json-master\Debug\wal2jsonp.exe : fatal error LNK1120: 59 unresolved externals
