d:\vs2015projects\tutorial\win32prog\win32prog\debug\vc140.pdb
d:\vs2015projects\tutorial\win32prog\win32prog\debug\vc140.idb
d:\vs2015projects\tutorial\win32prog\win32prog\debug\win32prog.obj
d:\vs2015projects\tutorial\win32prog\debug\win32prog.ilk
d:\vs2015projects\tutorial\win32prog\debug\win32prog.exe
d:\vs2015projects\tutorial\win32prog\debug\win32prog.pdb
d:\vs2015projects\tutorial\win32prog\win32prog\debug\win32prog.res
d:\vs2017projects\tutorial\win32prog\win32prog\debug\win32prog.obj
d:\vs2017projects\tutorial\win32prog\win32prog\debug\win32prog.res
d:\vs2017projects\tutorial\win32prog\win32prog\debug\vc140.idb
d:\vs2017projects\tutorial\win32prog\win32prog\debug\vc140.pdb
d:\vs2017projects\tutorial\win32prog\debug\win32prog.pdb
d:\vs2017projects\tutorial\win32prog\debug\win32prog.exe
d:\vs2017projects\tutorial\win32prog\debug\win32prog.ilk
d:\vs2017projects\tutorial\win32prog\win32prog\debug\win32prog.tlog\cl.command.1.tlog
d:\vs2017projects\tutorial\win32prog\win32prog\debug\win32prog.tlog\cl.read.1.tlog
d:\vs2017projects\tutorial\win32prog\win32prog\debug\win32prog.tlog\cl.write.1.tlog
d:\vs2017projects\tutorial\win32prog\win32prog\debug\win32prog.tlog\link.command.1.tlog
d:\vs2017projects\tutorial\win32prog\win32prog\debug\win32prog.tlog\link.read.1.tlog
d:\vs2017projects\tutorial\win32prog\win32prog\debug\win32prog.tlog\link.write.1.tlog
d:\vs2017projects\tutorial\win32prog\win32prog\debug\win32prog.tlog\rc.command.1.tlog
d:\vs2017projects\tutorial\win32prog\win32prog\debug\win32prog.tlog\rc.read.1.tlog
d:\vs2017projects\tutorial\win32prog\win32prog\debug\win32prog.tlog\rc.write.1.tlog
