F:\Asm\32bit\FirstWin32\FirstWin32Proj\Debug\FirstWin32.obj
F:\Asm\32bit\FirstWin32\FirstWin32Proj\Debug\MyProc.obj
F:\ASM\32BIT\FIRSTWIN32\DEBUG\FIRSTWIN32PROJ.ILK
F:\ASM\32BIT\FIRSTWIN32\DEBUG\FIRSTWIN32PROJ.EXE
F:\ASM\32BIT\FIRSTWIN32\DEBUG\FIRSTWIN32PROJ.PDB
F:\ASM\32BIT\FIRSTWIN32\FIRSTWIN32PROJ\DEBUG\FIRSTWIN32RESOURCE.RES
F:\Asm\32bit\FirstWin32\FirstWin32Proj\Debug\FirstWin32Proj.write.1.tlog
F:\Asm\32bit\FirstWin32\FirstWin32Proj\Debug\link-cvtres.read.1.tlog
F:\Asm\32bit\FirstWin32\FirstWin32Proj\Debug\link-cvtres.write.1.tlog
F:\Asm\32bit\FirstWin32\FirstWin32Proj\Debug\link-rc.read.1.tlog
F:\Asm\32bit\FirstWin32\FirstWin32Proj\Debug\link-rc.write.1.tlog
F:\Asm\32bit\FirstWin32\FirstWin32Proj\Debug\link.command.1.tlog
F:\Asm\32bit\FirstWin32\FirstWin32Proj\Debug\link.read.1.tlog
F:\Asm\32bit\FirstWin32\FirstWin32Proj\Debug\link.write.1.tlog
F:\Asm\32bit\FirstWin32\FirstWin32Proj\Debug\rc.command.1.tlog
F:\Asm\32bit\FirstWin32\FirstWin32Proj\Debug\rc.read.1.tlog
F:\Asm\32bit\FirstWin32\FirstWin32Proj\Debug\rc.write.1.tlog
F:\Asm\32bit\FirstWin32\FirstWin32Proj\Debug\FirstWin32Resource.res
F:\Asm\32bit\FirstWin32\Debug\FirstWin32Proj.pdb
F:\Asm\32bit\FirstWin32\Debug\FirstWin32Proj.exe
F:\Asm\32bit\FirstWin32\Debug\FirstWin32Proj.ilk
